I, [2016-12-30T15:36:07.022712 #43400]  INFO -- default-centos-7: -----> Verifying <default-centos-7>...
I, [2016-12-30T15:36:07.818975 #43400]  INFO -- default-centos-7: Loaded  
E, [2016-12-30T15:36:07.820622 #43400] ERROR -- default-centos-7: Verify failed on instance <default-centos-7>.
E, [2016-12-30T15:36:07.848457 #43400] ERROR -- default-centos-7: ------Exception-------
E, [2016-12-30T15:36:07.848520 #43400] ERROR -- default-centos-7: Class: NoMethodError
E, [2016-12-30T15:36:07.848532 #43400] ERROR -- default-centos-7: Message: undefined method `cloudflair_credentials' for #<#<Class:0x007ff0f80591f0>:0x007ff0f8058a98>
E, [2016-12-30T15:36:07.848543 #43400] ERROR -- default-centos-7: ----------------------
E, [2016-12-30T15:36:07.848552 #43400] ERROR -- default-centos-7: ------Backtrace-------
E, [2016-12-30T15:36:07.848561 #43400] ERROR -- default-centos-7: test/recipes/dns.rb:1:in `load_with_context'
E, [2016-12-30T15:36:07.848570 #43400] ERROR -- default-centos-7: /opt/chefdk/embedded/lib/ruby/gems/2.3.0/gems/inspec-1.7.2/lib/inspec/profile_context.rb:146:in `instance_eval'
E, [2016-12-30T15:36:07.848579 #43400] ERROR -- default-centos-7: /opt/chefdk/embedded/lib/ruby/gems/2.3.0/gems/inspec-1.7.2/lib/inspec/profile_context.rb:146:in `load_with_context'
E, [2016-12-30T15:36:07.848588 #43400] ERROR -- default-centos-7: /opt/chefdk/embedded/lib/ruby/gems/2.3.0/gems/inspec-1.7.2/lib/inspec/profile_context.rb:130:in `load_control_file'
E, [2016-12-30T15:36:07.848597 #43400] ERROR -- default-centos-7: /opt/chefdk/embedded/lib/ruby/gems/2.3.0/gems/inspec-1.7.2/lib/inspec/profile.rb:144:in `block in collect_tests'
E, [2016-12-30T15:36:07.848606 #43400] ERROR -- default-centos-7: /opt/chefdk/embedded/lib/ruby/gems/2.3.0/gems/inspec-1.7.2/lib/inspec/profile.rb:141:in `each'
E, [2016-12-30T15:36:07.848615 #43400] ERROR -- default-centos-7: /opt/chefdk/embedded/lib/ruby/gems/2.3.0/gems/inspec-1.7.2/lib/inspec/profile.rb:141:in `collect_tests'
E, [2016-12-30T15:36:07.848624 #43400] ERROR -- default-centos-7: /opt/chefdk/embedded/lib/ruby/gems/2.3.0/gems/inspec-1.7.2/lib/inspec/runner.rb:85:in `block in load'
E, [2016-12-30T15:36:07.848633 #43400] ERROR -- default-centos-7: /opt/chefdk/embedded/lib/ruby/gems/2.3.0/gems/inspec-1.7.2/lib/inspec/runner.rb:79:in `each'
E, [2016-12-30T15:36:07.848642 #43400] ERROR -- default-centos-7: /opt/chefdk/embedded/lib/ruby/gems/2.3.0/gems/inspec-1.7.2/lib/inspec/runner.rb:79:in `load'
E, [2016-12-30T15:36:07.848651 #43400] ERROR -- default-centos-7: /opt/chefdk/embedded/lib/ruby/gems/2.3.0/gems/inspec-1.7.2/lib/inspec/runner.rb:95:in `run'
E, [2016-12-30T15:36:07.848661 #43400] ERROR -- default-centos-7: /opt/chefdk/embedded/lib/ruby/gems/2.3.0/gems/kitchen-inspec-0.17.0/lib/kitchen/verifier/inspec.rb:94:in `call'
E, [2016-12-30T15:36:07.848670 #43400] ERROR -- default-centos-7: /opt/chefdk/embedded/lib/ruby/gems/2.3.0/gems/test-kitchen-1.14.2/lib/kitchen/instance.rb:434:in `block in verify_action'
E, [2016-12-30T15:36:07.848679 #43400] ERROR -- default-centos-7: /opt/chefdk/embedded/lib/ruby/gems/2.3.0/gems/test-kitchen-1.14.2/lib/kitchen/instance.rb:527:in `synchronize_or_call'
E, [2016-12-30T15:36:07.848688 #43400] ERROR -- default-centos-7: /opt/chefdk/embedded/lib/ruby/gems/2.3.0/gems/test-kitchen-1.14.2/lib/kitchen/instance.rb:489:in `block in action'
E, [2016-12-30T15:36:07.848697 #43400] ERROR -- default-centos-7: /opt/chefdk/embedded/lib/ruby/2.3.0/benchmark.rb:293:in `measure'
E, [2016-12-30T15:36:07.848706 #43400] ERROR -- default-centos-7: /opt/chefdk/embedded/lib/ruby/gems/2.3.0/gems/test-kitchen-1.14.2/lib/kitchen/instance.rb:488:in `action'
E, [2016-12-30T15:36:07.848715 #43400] ERROR -- default-centos-7: /opt/chefdk/embedded/lib/ruby/gems/2.3.0/gems/test-kitchen-1.14.2/lib/kitchen/instance.rb:426:in `verify_action'
E, [2016-12-30T15:36:07.848724 #43400] ERROR -- default-centos-7: /opt/chefdk/embedded/lib/ruby/gems/2.3.0/gems/test-kitchen-1.14.2/lib/kitchen/instance.rb:359:in `block in transition_to'
E, [2016-12-30T15:36:07.848733 #43400] ERROR -- default-centos-7: /opt/chefdk/embedded/lib/ruby/gems/2.3.0/gems/test-kitchen-1.14.2/lib/kitchen/instance.rb:358:in `each'
E, [2016-12-30T15:36:07.848764 #43400] ERROR -- default-centos-7: /opt/chefdk/embedded/lib/ruby/gems/2.3.0/gems/test-kitchen-1.14.2/lib/kitchen/instance.rb:358:in `transition_to'
E, [2016-12-30T15:36:07.848780 #43400] ERROR -- default-centos-7: /opt/chefdk/embedded/lib/ruby/gems/2.3.0/gems/test-kitchen-1.14.2/lib/kitchen/instance.rb:157:in `verify'
E, [2016-12-30T15:36:07.848789 #43400] ERROR -- default-centos-7: /opt/chefdk/embedded/lib/ruby/gems/2.3.0/gems/test-kitchen-1.14.2/lib/kitchen/command.rb:197:in `public_send'
E, [2016-12-30T15:36:07.848798 #43400] ERROR -- default-centos-7: /opt/chefdk/embedded/lib/ruby/gems/2.3.0/gems/test-kitchen-1.14.2/lib/kitchen/command.rb:197:in `run_action_in_thread'
E, [2016-12-30T15:36:07.848807 #43400] ERROR -- default-centos-7: /opt/chefdk/embedded/lib/ruby/gems/2.3.0/gems/test-kitchen-1.14.2/lib/kitchen/command.rb:169:in `block (2 levels) in run_action'
E, [2016-12-30T15:36:07.848816 #43400] ERROR -- default-centos-7: ----End Backtrace-----
