I, [2016-12-30T15:36:05.211730 #43400]  INFO -- Kitchen: -----> Starting Kitchen (v1.14.2)
I, [2016-12-30T15:36:07.022644 #43400]  INFO -- Kitchen: -----> Verifying <default-centos-7>...
E, [2016-12-30T15:36:07.884894 #43400] ERROR -- Kitchen: ------Exception-------
E, [2016-12-30T15:36:07.884938 #43400] ERROR -- Kitchen: Class: Kitchen::ActionFailed
E, [2016-12-30T15:36:07.884954 #43400] ERROR -- Kitchen: Message: 1 actions failed.
>>>>>>     Failed to complete #verify action: [undefined method `cloudflair_credentials' for #<#<Class:0x007ff0f80591f0>:0x007ff0f8058a98>] on default-centos-7
E, [2016-12-30T15:36:07.884967 #43400] ERROR -- Kitchen: ----------------------
E, [2016-12-30T15:36:07.884978 #43400] ERROR -- Kitchen: ------Backtrace-------
E, [2016-12-30T15:36:07.884988 #43400] ERROR -- Kitchen: /opt/chefdk/embedded/lib/ruby/gems/2.3.0/gems/test-kitchen-1.14.2/lib/kitchen/command.rb:183:in `report_errors'
E, [2016-12-30T15:36:07.884998 #43400] ERROR -- Kitchen: /opt/chefdk/embedded/lib/ruby/gems/2.3.0/gems/test-kitchen-1.14.2/lib/kitchen/command.rb:174:in `run_action'
E, [2016-12-30T15:36:07.885008 #43400] ERROR -- Kitchen: /opt/chefdk/embedded/lib/ruby/gems/2.3.0/gems/test-kitchen-1.14.2/lib/kitchen/command/action.rb:36:in `block in call'
E, [2016-12-30T15:36:07.885018 #43400] ERROR -- Kitchen: /opt/chefdk/embedded/lib/ruby/2.3.0/benchmark.rb:293:in `measure'
E, [2016-12-30T15:36:07.885028 #43400] ERROR -- Kitchen: /opt/chefdk/embedded/lib/ruby/gems/2.3.0/gems/test-kitchen-1.14.2/lib/kitchen/command/action.rb:34:in `call'
E, [2016-12-30T15:36:07.885039 #43400] ERROR -- Kitchen: /opt/chefdk/embedded/lib/ruby/gems/2.3.0/gems/test-kitchen-1.14.2/lib/kitchen/cli.rb:53:in `perform'
E, [2016-12-30T15:36:07.885062 #43400] ERROR -- Kitchen: /opt/chefdk/embedded/lib/ruby/gems/2.3.0/gems/test-kitchen-1.14.2/lib/kitchen/cli.rb:187:in `block (2 levels) in <class:CLI>'
E, [2016-12-30T15:36:07.885083 #43400] ERROR -- Kitchen: /opt/chefdk/embedded/lib/ruby/gems/2.3.0/gems/thor-0.19.4/lib/thor/command.rb:27:in `run'
E, [2016-12-30T15:36:07.885101 #43400] ERROR -- Kitchen: /opt/chefdk/embedded/lib/ruby/gems/2.3.0/gems/thor-0.19.4/lib/thor/invocation.rb:126:in `invoke_command'
E, [2016-12-30T15:36:07.885113 #43400] ERROR -- Kitchen: /opt/chefdk/embedded/lib/ruby/gems/2.3.0/gems/test-kitchen-1.14.2/lib/kitchen/cli.rb:334:in `invoke_task'
E, [2016-12-30T15:36:07.885124 #43400] ERROR -- Kitchen: /opt/chefdk/embedded/lib/ruby/gems/2.3.0/gems/thor-0.19.4/lib/thor.rb:369:in `dispatch'
E, [2016-12-30T15:36:07.885134 #43400] ERROR -- Kitchen: /opt/chefdk/embedded/lib/ruby/gems/2.3.0/gems/thor-0.19.4/lib/thor/base.rb:444:in `start'
E, [2016-12-30T15:36:07.885143 #43400] ERROR -- Kitchen: /opt/chefdk/embedded/lib/ruby/gems/2.3.0/gems/test-kitchen-1.14.2/bin/kitchen:13:in `block in <top (required)>'
E, [2016-12-30T15:36:07.885190 #43400] ERROR -- Kitchen: /opt/chefdk/embedded/lib/ruby/gems/2.3.0/gems/test-kitchen-1.14.2/lib/kitchen/errors.rb:171:in `with_friendly_errors'
E, [2016-12-30T15:36:07.885218 #43400] ERROR -- Kitchen: /opt/chefdk/embedded/lib/ruby/gems/2.3.0/gems/test-kitchen-1.14.2/bin/kitchen:13:in `<top (required)>'
E, [2016-12-30T15:36:07.885232 #43400] ERROR -- Kitchen: /opt/chefdk/bin/kitchen:21:in `load'
E, [2016-12-30T15:36:07.885243 #43400] ERROR -- Kitchen: /opt/chefdk/bin/kitchen:21:in `<main>'
E, [2016-12-30T15:36:07.885253 #43400] ERROR -- Kitchen: ----End Backtrace-----
E, [2016-12-30T15:36:07.885263 #43400] ERROR -- Kitchen: -Composite Exception--
E, [2016-12-30T15:36:07.885272 #43400] ERROR -- Kitchen: Class: Kitchen::ActionFailed
E, [2016-12-30T15:36:07.885282 #43400] ERROR -- Kitchen: Message: Failed to complete #verify action: [undefined method `cloudflair_credentials' for #<#<Class:0x007ff0f80591f0>:0x007ff0f8058a98>] on default-centos-7
E, [2016-12-30T15:36:07.885298 #43400] ERROR -- Kitchen: ----------------------
E, [2016-12-30T15:36:07.885327 #43400] ERROR -- Kitchen: ------Backtrace-------
E, [2016-12-30T15:36:07.885347 #43400] ERROR -- Kitchen: test/recipes/dns.rb:1:in `load_with_context'
E, [2016-12-30T15:36:07.885357 #43400] ERROR -- Kitchen: /opt/chefdk/embedded/lib/ruby/gems/2.3.0/gems/inspec-1.7.2/lib/inspec/profile_context.rb:146:in `instance_eval'
E, [2016-12-30T15:36:07.885381 #43400] ERROR -- Kitchen: /opt/chefdk/embedded/lib/ruby/gems/2.3.0/gems/inspec-1.7.2/lib/inspec/profile_context.rb:146:in `load_with_context'
E, [2016-12-30T15:36:07.885393 #43400] ERROR -- Kitchen: /opt/chefdk/embedded/lib/ruby/gems/2.3.0/gems/inspec-1.7.2/lib/inspec/profile_context.rb:130:in `load_control_file'
E, [2016-12-30T15:36:07.885403 #43400] ERROR -- Kitchen: /opt/chefdk/embedded/lib/ruby/gems/2.3.0/gems/inspec-1.7.2/lib/inspec/profile.rb:144:in `block in collect_tests'
E, [2016-12-30T15:36:07.885413 #43400] ERROR -- Kitchen: /opt/chefdk/embedded/lib/ruby/gems/2.3.0/gems/inspec-1.7.2/lib/inspec/profile.rb:141:in `each'
E, [2016-12-30T15:36:07.885427 #43400] ERROR -- Kitchen: /opt/chefdk/embedded/lib/ruby/gems/2.3.0/gems/inspec-1.7.2/lib/inspec/profile.rb:141:in `collect_tests'
E, [2016-12-30T15:36:07.885437 #43400] ERROR -- Kitchen: /opt/chefdk/embedded/lib/ruby/gems/2.3.0/gems/inspec-1.7.2/lib/inspec/runner.rb:85:in `block in load'
E, [2016-12-30T15:36:07.885447 #43400] ERROR -- Kitchen: /opt/chefdk/embedded/lib/ruby/gems/2.3.0/gems/inspec-1.7.2/lib/inspec/runner.rb:79:in `each'
E, [2016-12-30T15:36:07.885456 #43400] ERROR -- Kitchen: /opt/chefdk/embedded/lib/ruby/gems/2.3.0/gems/inspec-1.7.2/lib/inspec/runner.rb:79:in `load'
E, [2016-12-30T15:36:07.885465 #43400] ERROR -- Kitchen: /opt/chefdk/embedded/lib/ruby/gems/2.3.0/gems/inspec-1.7.2/lib/inspec/runner.rb:95:in `run'
E, [2016-12-30T15:36:07.885474 #43400] ERROR -- Kitchen: /opt/chefdk/embedded/lib/ruby/gems/2.3.0/gems/kitchen-inspec-0.17.0/lib/kitchen/verifier/inspec.rb:94:in `call'
E, [2016-12-30T15:36:07.885484 #43400] ERROR -- Kitchen: /opt/chefdk/embedded/lib/ruby/gems/2.3.0/gems/test-kitchen-1.14.2/lib/kitchen/instance.rb:434:in `block in verify_action'
E, [2016-12-30T15:36:07.885493 #43400] ERROR -- Kitchen: /opt/chefdk/embedded/lib/ruby/gems/2.3.0/gems/test-kitchen-1.14.2/lib/kitchen/instance.rb:527:in `synchronize_or_call'
E, [2016-12-30T15:36:07.885502 #43400] ERROR -- Kitchen: /opt/chefdk/embedded/lib/ruby/gems/2.3.0/gems/test-kitchen-1.14.2/lib/kitchen/instance.rb:489:in `block in action'
E, [2016-12-30T15:36:07.885512 #43400] ERROR -- Kitchen: /opt/chefdk/embedded/lib/ruby/2.3.0/benchmark.rb:293:in `measure'
E, [2016-12-30T15:36:07.885521 #43400] ERROR -- Kitchen: /opt/chefdk/embedded/lib/ruby/gems/2.3.0/gems/test-kitchen-1.14.2/lib/kitchen/instance.rb:488:in `action'
E, [2016-12-30T15:36:07.885531 #43400] ERROR -- Kitchen: /opt/chefdk/embedded/lib/ruby/gems/2.3.0/gems/test-kitchen-1.14.2/lib/kitchen/instance.rb:426:in `verify_action'
E, [2016-12-30T15:36:07.885540 #43400] ERROR -- Kitchen: /opt/chefdk/embedded/lib/ruby/gems/2.3.0/gems/test-kitchen-1.14.2/lib/kitchen/instance.rb:359:in `block in transition_to'
E, [2016-12-30T15:36:07.885550 #43400] ERROR -- Kitchen: /opt/chefdk/embedded/lib/ruby/gems/2.3.0/gems/test-kitchen-1.14.2/lib/kitchen/instance.rb:358:in `each'
E, [2016-12-30T15:36:07.885559 #43400] ERROR -- Kitchen: /opt/chefdk/embedded/lib/ruby/gems/2.3.0/gems/test-kitchen-1.14.2/lib/kitchen/instance.rb:358:in `transition_to'
E, [2016-12-30T15:36:07.885568 #43400] ERROR -- Kitchen: /opt/chefdk/embedded/lib/ruby/gems/2.3.0/gems/test-kitchen-1.14.2/lib/kitchen/instance.rb:157:in `verify'
E, [2016-12-30T15:36:07.885578 #43400] ERROR -- Kitchen: /opt/chefdk/embedded/lib/ruby/gems/2.3.0/gems/test-kitchen-1.14.2/lib/kitchen/command.rb:197:in `public_send'
E, [2016-12-30T15:36:07.885587 #43400] ERROR -- Kitchen: /opt/chefdk/embedded/lib/ruby/gems/2.3.0/gems/test-kitchen-1.14.2/lib/kitchen/command.rb:197:in `run_action_in_thread'
E, [2016-12-30T15:36:07.885596 #43400] ERROR -- Kitchen: /opt/chefdk/embedded/lib/ruby/gems/2.3.0/gems/test-kitchen-1.14.2/lib/kitchen/command.rb:169:in `block (2 levels) in run_action'
E, [2016-12-30T15:36:07.885606 #43400] ERROR -- Kitchen: ----End Backtrace-----
E, [2016-12-30T15:36:07.885615 #43400] ERROR -- Kitchen: ---Nested Exception---
E, [2016-12-30T15:36:07.885629 #43400] ERROR -- Kitchen: Class: Kitchen::ActionFailed
E, [2016-12-30T15:36:07.885639 #43400] ERROR -- Kitchen: Message: Failed to complete #verify action: [undefined method `cloudflair_credentials' for #<#<Class:0x007ff0f80591f0>:0x007ff0f8058a98>]
E, [2016-12-30T15:36:07.885649 #43400] ERROR -- Kitchen: ----------------------
E, [2016-12-30T15:36:07.885658 #43400] ERROR -- Kitchen: ------Backtrace-------
E, [2016-12-30T15:36:07.885666 #43400] ERROR -- Kitchen: test/recipes/dns.rb:1:in `load_with_context'
E, [2016-12-30T15:36:07.885675 #43400] ERROR -- Kitchen: /opt/chefdk/embedded/lib/ruby/gems/2.3.0/gems/inspec-1.7.2/lib/inspec/profile_context.rb:146:in `instance_eval'
E, [2016-12-30T15:36:07.885684 #43400] ERROR -- Kitchen: /opt/chefdk/embedded/lib/ruby/gems/2.3.0/gems/inspec-1.7.2/lib/inspec/profile_context.rb:146:in `load_with_context'
E, [2016-12-30T15:36:07.885693 #43400] ERROR -- Kitchen: /opt/chefdk/embedded/lib/ruby/gems/2.3.0/gems/inspec-1.7.2/lib/inspec/profile_context.rb:130:in `load_control_file'
E, [2016-12-30T15:36:07.885702 #43400] ERROR -- Kitchen: /opt/chefdk/embedded/lib/ruby/gems/2.3.0/gems/inspec-1.7.2/lib/inspec/profile.rb:144:in `block in collect_tests'
E, [2016-12-30T15:36:07.885712 #43400] ERROR -- Kitchen: /opt/chefdk/embedded/lib/ruby/gems/2.3.0/gems/inspec-1.7.2/lib/inspec/profile.rb:141:in `each'
E, [2016-12-30T15:36:07.885721 #43400] ERROR -- Kitchen: /opt/chefdk/embedded/lib/ruby/gems/2.3.0/gems/inspec-1.7.2/lib/inspec/profile.rb:141:in `collect_tests'
E, [2016-12-30T15:36:07.885730 #43400] ERROR -- Kitchen: /opt/chefdk/embedded/lib/ruby/gems/2.3.0/gems/inspec-1.7.2/lib/inspec/runner.rb:85:in `block in load'
E, [2016-12-30T15:36:07.885739 #43400] ERROR -- Kitchen: /opt/chefdk/embedded/lib/ruby/gems/2.3.0/gems/inspec-1.7.2/lib/inspec/runner.rb:79:in `each'
E, [2016-12-30T15:36:07.885753 #43400] ERROR -- Kitchen: /opt/chefdk/embedded/lib/ruby/gems/2.3.0/gems/inspec-1.7.2/lib/inspec/runner.rb:79:in `load'
E, [2016-12-30T15:36:07.885762 #43400] ERROR -- Kitchen: /opt/chefdk/embedded/lib/ruby/gems/2.3.0/gems/inspec-1.7.2/lib/inspec/runner.rb:95:in `run'
E, [2016-12-30T15:36:07.885771 #43400] ERROR -- Kitchen: /opt/chefdk/embedded/lib/ruby/gems/2.3.0/gems/kitchen-inspec-0.17.0/lib/kitchen/verifier/inspec.rb:94:in `call'
E, [2016-12-30T15:36:07.885781 #43400] ERROR -- Kitchen: /opt/chefdk/embedded/lib/ruby/gems/2.3.0/gems/test-kitchen-1.14.2/lib/kitchen/instance.rb:434:in `block in verify_action'
E, [2016-12-30T15:36:07.885790 #43400] ERROR -- Kitchen: /opt/chefdk/embedded/lib/ruby/gems/2.3.0/gems/test-kitchen-1.14.2/lib/kitchen/instance.rb:527:in `synchronize_or_call'
E, [2016-12-30T15:36:07.885799 #43400] ERROR -- Kitchen: /opt/chefdk/embedded/lib/ruby/gems/2.3.0/gems/test-kitchen-1.14.2/lib/kitchen/instance.rb:489:in `block in action'
E, [2016-12-30T15:36:07.885808 #43400] ERROR -- Kitchen: /opt/chefdk/embedded/lib/ruby/2.3.0/benchmark.rb:293:in `measure'
E, [2016-12-30T15:36:07.885817 #43400] ERROR -- Kitchen: /opt/chefdk/embedded/lib/ruby/gems/2.3.0/gems/test-kitchen-1.14.2/lib/kitchen/instance.rb:488:in `action'
E, [2016-12-30T15:36:07.885826 #43400] ERROR -- Kitchen: /opt/chefdk/embedded/lib/ruby/gems/2.3.0/gems/test-kitchen-1.14.2/lib/kitchen/instance.rb:426:in `verify_action'
E, [2016-12-30T15:36:07.885835 #43400] ERROR -- Kitchen: /opt/chefdk/embedded/lib/ruby/gems/2.3.0/gems/test-kitchen-1.14.2/lib/kitchen/instance.rb:359:in `block in transition_to'
E, [2016-12-30T15:36:07.885845 #43400] ERROR -- Kitchen: /opt/chefdk/embedded/lib/ruby/gems/2.3.0/gems/test-kitchen-1.14.2/lib/kitchen/instance.rb:358:in `each'
E, [2016-12-30T15:36:07.885854 #43400] ERROR -- Kitchen: /opt/chefdk/embedded/lib/ruby/gems/2.3.0/gems/test-kitchen-1.14.2/lib/kitchen/instance.rb:358:in `transition_to'
E, [2016-12-30T15:36:07.885863 #43400] ERROR -- Kitchen: /opt/chefdk/embedded/lib/ruby/gems/2.3.0/gems/test-kitchen-1.14.2/lib/kitchen/instance.rb:157:in `verify'
E, [2016-12-30T15:36:07.885872 #43400] ERROR -- Kitchen: /opt/chefdk/embedded/lib/ruby/gems/2.3.0/gems/test-kitchen-1.14.2/lib/kitchen/command.rb:197:in `public_send'
E, [2016-12-30T15:36:07.885886 #43400] ERROR -- Kitchen: /opt/chefdk/embedded/lib/ruby/gems/2.3.0/gems/test-kitchen-1.14.2/lib/kitchen/command.rb:197:in `run_action_in_thread'
E, [2016-12-30T15:36:07.885896 #43400] ERROR -- Kitchen: /opt/chefdk/embedded/lib/ruby/gems/2.3.0/gems/test-kitchen-1.14.2/lib/kitchen/command.rb:169:in `block (2 levels) in run_action'
E, [2016-12-30T15:36:07.885908 #43400] ERROR -- Kitchen: ----End Backtrace-----
